<?xml version="1.0" encoding="UTF-8"?>
<testsuite xmlns:xsi="http://www.w3.org/2001/XMLSchema-instance" xsi:noNamespaceSchemaLocation="https://maven.apache.org/surefire/maven-surefire-plugin/xsd/surefire-test-report-3.0.xsd" version="3.0" name="TestExportJson" time="0.264" tests="3" errors="0" skipped="0" failures="0">
  <properties>
[...]
</properties>
  <testcase name="testTriangleExportToJson" classname="TestExportJson" time="0.254"/>
  <testcase name="testCircleExportToJson" classname="TestExportJson" time="0.006"/>
  <testcase name="testSquareExportToJson" classname="TestExportJson" time="0.004"/>
</testsuite>